<?xml version="1.0" encoding="UTF-8"?>
<!-- Generated by org.testng.reporters.JUnitXMLReporter -->
<testsuite ignored="12" hostname="DESKTOP-68C1C7O" failures="0" tests="4" name="Test-Runner-3" time="140.845" errors="0" timestamp="2023-03-31T11:20:22 IST">
  <testcase classname="vtigerUtitlity.BaseClass" name="@BeforeMethod bmConfig" time="0.003">
    <failure type="java.lang.NullPointerException" message="Cannot invoke &amp;quot;org.openqa.selenium.SearchContext.findElement(org.openqa.selenium.By)&amp;quot; because &amp;quot;this.searchContext&amp;quot; is null">
      <![CDATA[java.lang.NullPointerException: Cannot invoke "org.openqa.selenium.SearchContext.findElement(org.openqa.selenium.By)" because "this.searchContext" is null
at org.openqa.selenium.support.pagefactory.DefaultElementLocator.findElement(DefaultElementLocator.java:70)
at org.openqa.selenium.support.pagefactory.internal.LocatingElementHandler.invoke(LocatingElementHandler.java:39)
at jdk.proxy2/jdk.proxy2.$Proxy21.sendKeys(Unknown Source)
at vtiger.ObjectRepository.LoginPage.login(LoginPage.java:41)
at vtigerUtitlity.BaseClass.bmConfig(BaseClass.java:67)
at java.base/java.util.ArrayList.forEach(ArrayList.java:1511)
at java.base/java.util.concurrent.FutureTask.run(FutureTask.java:317)
at java.base/java.util.concurrent.ThreadPoolExecutor.runWorker(ThreadPoolExecutor.java:1144)
at java.base/java.util.concurrent.ThreadPoolExecutor$Worker.run(ThreadPoolExecutor.java:642)
at java.base/java.lang.Thread.run(Thread.java:1589)
... Removed 20 stack frames]]>
    </failure>
  </testcase> <!-- @BeforeMethod bmConfig -->
  <testcase classname="vtigerUtitlity.BaseClass" name="@AfterMethod amConfig" time="0.002">
    <failure type="java.lang.IllegalArgumentException" message="Driver must be set">
      <![CDATA[java.lang.IllegalArgumentException: Driver must be set
at org.openqa.selenium.internal.Require.nonNull(Require.java:59)
at org.openqa.selenium.interactions.Actions.<init>(Actions.java:60)
at vtigerUtitlity.WebdriverUtility.mouseHover(WebdriverUtility.java:112)
at vtiger.ObjectRepository.HomePage.logOutOfApp(HomePage.java:94)
at vtigerUtitlity.BaseClass.amConfig(BaseClass.java:75)
at java.base/java.util.ArrayList.forEach(ArrayList.java:1511)
at java.base/java.util.concurrent.FutureTask.run(FutureTask.java:317)
at java.base/java.util.concurrent.ThreadPoolExecutor.runWorker(ThreadPoolExecutor.java:1144)
at java.base/java.util.concurrent.ThreadPoolExecutor$Worker.run(ThreadPoolExecutor.java:642)
at java.base/java.lang.Thread.run(Thread.java:1589)
... Removed 21 stack frames]]>
    </failure>
  </testcase> <!-- @AfterMethod amConfig -->
  <testcase classname="vtigerUtitlity.BaseClass" name="@BeforeMethod bmConfig" time="0.005">
    <failure type="java.lang.NullPointerException" message="Cannot invoke &amp;quot;org.openqa.selenium.SearchContext.findElement(org.openqa.selenium.By)&amp;quot; because &amp;quot;this.searchContext&amp;quot; is null">
      <![CDATA[java.lang.NullPointerException: Cannot invoke "org.openqa.selenium.SearchContext.findElement(org.openqa.selenium.By)" because "this.searchContext" is null
at org.openqa.selenium.support.pagefactory.DefaultElementLocator.findElement(DefaultElementLocator.java:70)
at org.openqa.selenium.support.pagefactory.internal.LocatingElementHandler.invoke(LocatingElementHandler.java:39)
at jdk.proxy2/jdk.proxy2.$Proxy21.sendKeys(Unknown Source)
at vtiger.ObjectRepository.LoginPage.login(LoginPage.java:41)
at vtigerUtitlity.BaseClass.bmConfig(BaseClass.java:67)
at java.base/java.util.ArrayList.forEach(ArrayList.java:1511)
at java.base/java.util.concurrent.FutureTask.run(FutureTask.java:317)
at java.base/java.util.concurrent.ThreadPoolExecutor.runWorker(ThreadPoolExecutor.java:1144)
at java.base/java.util.concurrent.ThreadPoolExecutor$Worker.run(ThreadPoolExecutor.java:642)
at java.base/java.lang.Thread.run(Thread.java:1589)
... Removed 20 stack frames]]>
    </failure>
  </testcase> <!-- @BeforeMethod bmConfig -->
  <testcase classname="vtigerUtitlity.BaseClass" name="@AfterMethod amConfig" time="0.004">
    <failure type="java.lang.IllegalArgumentException" message="Driver must be set">
      <![CDATA[java.lang.IllegalArgumentException: Driver must be set
at org.openqa.selenium.internal.Require.nonNull(Require.java:59)
at org.openqa.selenium.interactions.Actions.<init>(Actions.java:60)
at vtigerUtitlity.WebdriverUtility.mouseHover(WebdriverUtility.java:112)
at vtiger.ObjectRepository.HomePage.logOutOfApp(HomePage.java:94)
at vtigerUtitlity.BaseClass.amConfig(BaseClass.java:75)
at java.base/java.util.ArrayList.forEach(ArrayList.java:1511)
at java.base/java.util.concurrent.FutureTask.run(FutureTask.java:317)
at java.base/java.util.concurrent.ThreadPoolExecutor.runWorker(ThreadPoolExecutor.java:1144)
at java.base/java.util.concurrent.ThreadPoolExecutor$Worker.run(ThreadPoolExecutor.java:642)
at java.base/java.lang.Thread.run(Thread.java:1589)
... Removed 21 stack frames]]>
    </failure>
  </testcase> <!-- @AfterMethod amConfig -->
  <testcase classname="vtigerUtitlity.BaseClass" name="@BeforeMethod bmConfig" time="0.018">
    <failure type="java.lang.NullPointerException" message="Cannot invoke &amp;quot;org.openqa.selenium.SearchContext.findElement(org.openqa.selenium.By)&amp;quot; because &amp;quot;this.searchContext&amp;quot; is null">
      <![CDATA[java.lang.NullPointerException: Cannot invoke "org.openqa.selenium.SearchContext.findElement(org.openqa.selenium.By)" because "this.searchContext" is null
at org.openqa.selenium.support.pagefactory.DefaultElementLocator.findElement(DefaultElementLocator.java:70)
at org.openqa.selenium.support.pagefactory.internal.LocatingElementHandler.invoke(LocatingElementHandler.java:39)
at jdk.proxy2/jdk.proxy2.$Proxy21.sendKeys(Unknown Source)
at vtiger.ObjectRepository.LoginPage.login(LoginPage.java:41)
at vtigerUtitlity.BaseClass.bmConfig(BaseClass.java:67)
at java.base/java.util.ArrayList.forEach(ArrayList.java:1511)
at java.base/java.util.concurrent.FutureTask.run(FutureTask.java:317)
at java.base/java.util.concurrent.ThreadPoolExecutor.runWorker(ThreadPoolExecutor.java:1144)
at java.base/java.util.concurrent.ThreadPoolExecutor$Worker.run(ThreadPoolExecutor.java:642)
at java.base/java.lang.Thread.run(Thread.java:1589)
... Removed 20 stack frames]]>
    </failure>
  </testcase> <!-- @BeforeMethod bmConfig -->
  <testcase classname="vtigerUtitlity.BaseClass" name="@AfterMethod amConfig" time="0.012">
    <failure type="java.lang.IllegalArgumentException" message="Driver must be set">
      <![CDATA[java.lang.IllegalArgumentException: Driver must be set
at org.openqa.selenium.internal.Require.nonNull(Require.java:59)
at org.openqa.selenium.interactions.Actions.<init>(Actions.java:60)
at vtigerUtitlity.WebdriverUtility.mouseHover(WebdriverUtility.java:112)
at vtiger.ObjectRepository.HomePage.logOutOfApp(HomePage.java:94)
at vtigerUtitlity.BaseClass.amConfig(BaseClass.java:75)
at java.base/java.util.ArrayList.forEach(ArrayList.java:1511)
at java.base/java.util.concurrent.FutureTask.run(FutureTask.java:317)
at java.base/java.util.concurrent.ThreadPoolExecutor.runWorker(ThreadPoolExecutor.java:1144)
at java.base/java.util.concurrent.ThreadPoolExecutor$Worker.run(ThreadPoolExecutor.java:642)
at java.base/java.lang.Thread.run(Thread.java:1589)
... Removed 21 stack frames]]>
    </failure>
  </testcase> <!-- @AfterMethod amConfig -->
  <testcase classname="vitiger.Organization.Test.CreateOrgnization" name="createOrg" time="82.955"/>
  <testcase classname="vitiger.Product.Test.CreateProductTest" name="createProduct" time="0.0">
    <skipped/>
  </testcase> <!-- createProduct -->
  <testcase classname="vitiger.Contact.Test.CreateContactTest" name="createContact" time="0.0">
    <skipped/>
  </testcase> <!-- createContact -->
  <testcase classname="vitiger.Organization.Test.CreateOrganizationWithIndustryTest" name="createOrgWithIndustry" time="0.0">
    <skipped/>
  </testcase> <!-- createOrgWithIndustry -->
  <testcase classname="vtigerUtitlity.BaseClass" name="@BeforeTest bcConfig" time="0.0">
    <ignored/>
  </testcase> <!-- @BeforeTest bcConfig -->
  <testcase classname="vtigerUtitlity.BaseClass" name="@BeforeTest bcConfig" time="0.0">
    <ignored/>
  </testcase> <!-- @BeforeTest bcConfig -->
  <testcase classname="vtigerUtitlity.BaseClass" name="@BeforeTest bcConfig" time="0.0">
    <ignored/>
  </testcase> <!-- @BeforeTest bcConfig -->
  <testcase classname="vtigerUtitlity.BaseClass" name="@AfterSuite asConfig" time="0.0">
    <ignored/>
  </testcase> <!-- @AfterSuite asConfig -->
  <testcase classname="vtigerUtitlity.BaseClass" name="@AfterSuite asConfig" time="0.0">
    <ignored/>
  </testcase> <!-- @AfterSuite asConfig -->
  <testcase classname="vtigerUtitlity.BaseClass" name="@AfterSuite asConfig" time="0.0">
    <ignored/>
  </testcase> <!-- @AfterSuite asConfig -->
  <testcase classname="vtigerUtitlity.BaseClass" name="@BeforeSuite bsConfig" time="0.0">
    <ignored/>
  </testcase> <!-- @BeforeSuite bsConfig -->
  <testcase classname="vtigerUtitlity.BaseClass" name="@BeforeSuite bsConfig" time="0.0">
    <ignored/>
  </testcase> <!-- @BeforeSuite bsConfig -->
  <testcase classname="vtigerUtitlity.BaseClass" name="@BeforeSuite bsConfig" time="0.0">
    <ignored/>
  </testcase> <!-- @BeforeSuite bsConfig -->
  <testcase classname="vtigerUtitlity.BaseClass" name="@AfterTest acConfig" time="0.0">
    <ignored/>
  </testcase> <!-- @AfterTest acConfig -->
  <testcase classname="vtigerUtitlity.BaseClass" name="@AfterTest acConfig" time="0.0">
    <ignored/>
  </testcase> <!-- @AfterTest acConfig -->
  <testcase classname="vtigerUtitlity.BaseClass" name="@AfterTest acConfig" time="0.0">
    <ignored/>
  </testcase> <!-- @AfterTest acConfig -->
</testsuite> <!-- Test-Runner-3 -->
